CRITICAL - 2021-06-15 06:36:13 --> syntax error, unexpected 'echo' (T_ECHO), expecting function (T_FUNCTION) or const (T_CONST)
#0 G:\Localhost\resutoran-admin\vendor\codeigniter4\framework\system\Router\Router.php(169): CodeIgniter\Router\Router->autoRoute('login')
#1 G:\Localhost\resutoran-admin\vendor\codeigniter4\framework\system\CodeIgniter.php(809): CodeIgniter\Router\Router->handle('login')
#2 G:\Localhost\resutoran-admin\vendor\codeigniter4\framework\system\CodeIgniter.php(389): CodeIgniter\CodeIgniter->tryToRouteIt(Object(CodeIgniter\Router\RouteCollection))
#3 G:\Localhost\resutoran-admin\vendor\codeigniter4\framework\system\CodeIgniter.php(336): CodeIgniter\CodeIgniter->handleRequest(NULL, Object(Config\Cache), false)
#4 G:\Localhost\resutoran-admin\public\index.php(37): CodeIgniter\CodeIgniter->run()
#5 G:\Localhost\resutoran-admin\vendor\codeigniter4\framework\system\Commands\Server\rewrite.php(45): require_once('G:\\Localhost\\re...')
#6 {main}
CRITICAL - 2021-06-15 06:37:16 --> syntax error, unexpected 'echo' (T_ECHO), expecting function (T_FUNCTION) or const (T_CONST)
#0 G:\Localhost\resutoran-admin\vendor\codeigniter4\framework\system\Router\Router.php(169): CodeIgniter\Router\Router->autoRoute('login')
#1 G:\Localhost\resutoran-admin\vendor\codeigniter4\framework\system\CodeIgniter.php(809): CodeIgniter\Router\Router->handle('login')
#2 G:\Localhost\resutoran-admin\vendor\codeigniter4\framework\system\CodeIgniter.php(389): CodeIgniter\CodeIgniter->tryToRouteIt(Object(CodeIgniter\Router\RouteCollection))
#3 G:\Localhost\resutoran-admin\vendor\codeigniter4\framework\system\CodeIgniter.php(336): CodeIgniter\CodeIgniter->handleRequest(NULL, Object(Config\Cache), false)
#4 G:\Localhost\resutoran-admin\public\index.php(37): CodeIgniter\CodeIgniter->run()
#5 G:\Localhost\resutoran-admin\vendor\codeigniter4\framework\system\Commands\Server\rewrite.php(45): require_once('G:\\Localhost\\re...')
#6 {main}
CRITICAL - 2021-06-15 06:41:00 --> Invalid file: Login.php
#0 G:\Localhost\resutoran-admin\vendor\codeigniter4\framework\system\View\View.php(213): CodeIgniter\Exceptions\FrameworkException::forInvalidFile('Login.php')
#1 G:\Localhost\resutoran-admin\vendor\codeigniter4\framework\system\Common.php(1271): CodeIgniter\View\View->render('Login', Array, true)
#2 G:\Localhost\resutoran-admin\app\Controllers\Login.php(9): view('Login')
#3 G:\Localhost\resutoran-admin\vendor\codeigniter4\framework\system\CodeIgniter.php(928): App\Controllers\Login->index()
#4 G:\Localhost\resutoran-admin\vendor\codeigniter4\framework\system\CodeIgniter.php(436): CodeIgniter\CodeIgniter->runController(Object(App\Controllers\Login))
#5 G:\Localhost\resutoran-admin\vendor\codeigniter4\framework\system\CodeIgniter.php(336): CodeIgniter\CodeIgniter->handleRequest(NULL, Object(Config\Cache), false)
#6 G:\Localhost\resutoran-admin\public\index.php(37): CodeIgniter\CodeIgniter->run()
#7 G:\Localhost\resutoran-admin\vendor\codeigniter4\framework\system\Commands\Server\rewrite.php(45): require_once('G:\\Localhost\\re...')
#8 {main}
