CRITICAL - 2021-06-17 02:47:22 --> Invalid file: Restoran.php
#0 G:\Localhost\resutoran-admin\vendor\codeigniter4\framework\system\View\View.php(213): CodeIgniter\Exceptions\FrameworkException::forInvalidFile('Restoran.php')
#1 G:\Localhost\resutoran-admin\vendor\codeigniter4\framework\system\Common.php(1271): CodeIgniter\View\View->render('Restoran', Array, true)
#2 G:\Localhost\resutoran-admin\app\Controllers\BaseController.php(66): view('Restoran')
#3 G:\Localhost\resutoran-admin\app\Controllers\Dashboard.php(20): App\Controllers\BaseController->myView(Array, Array)
#4 G:\Localhost\resutoran-admin\vendor\codeigniter4\framework\system\CodeIgniter.php(928): App\Controllers\Dashboard->restoran()
#5 G:\Localhost\resutoran-admin\vendor\codeigniter4\framework\system\CodeIgniter.php(436): CodeIgniter\CodeIgniter->runController(Object(App\Controllers\Dashboard))
#6 G:\Localhost\resutoran-admin\vendor\codeigniter4\framework\system\CodeIgniter.php(336): CodeIgniter\CodeIgniter->handleRequest(NULL, Object(Config\Cache), false)
#7 G:\Localhost\resutoran-admin\public\index.php(37): CodeIgniter\CodeIgniter->run()
#8 G:\Localhost\resutoran-admin\vendor\codeigniter4\framework\system\Commands\Server\rewrite.php(45): require_once('G:\\Localhost\\re...')
#9 {main}
CRITICAL - 2021-06-17 02:52:43 --> Invalid file: Dashboard.php
#0 G:\Localhost\resutoran-admin\vendor\codeigniter4\framework\system\View\View.php(213): CodeIgniter\Exceptions\FrameworkException::forInvalidFile('Dashboard.php')
#1 G:\Localhost\resutoran-admin\vendor\codeigniter4\framework\system\Common.php(1271): CodeIgniter\View\View->render('Dashboard', Array, true)
#2 G:\Localhost\resutoran-admin\app\Controllers\BaseController.php(66): view('Dashboard')
#3 G:\Localhost\resutoran-admin\app\Controllers\Dashboard.php(12): App\Controllers\BaseController->myView(Array, Array)
#4 G:\Localhost\resutoran-admin\vendor\codeigniter4\framework\system\CodeIgniter.php(928): App\Controllers\Dashboard->index()
#5 G:\Localhost\resutoran-admin\vendor\codeigniter4\framework\system\CodeIgniter.php(436): CodeIgniter\CodeIgniter->runController(Object(App\Controllers\Dashboard))
#6 G:\Localhost\resutoran-admin\vendor\codeigniter4\framework\system\CodeIgniter.php(336): CodeIgniter\CodeIgniter->handleRequest(NULL, Object(Config\Cache), false)
#7 G:\Localhost\resutoran-admin\public\index.php(37): CodeIgniter\CodeIgniter->run()
#8 G:\Localhost\resutoran-admin\vendor\codeigniter4\framework\system\Commands\Server\rewrite.php(45): require_once('G:\\Localhost\\re...')
#9 {main}
CRITICAL - 2021-06-17 02:52:56 --> Invalid file: Dashboard.php
#0 G:\Localhost\resutoran-admin\vendor\codeigniter4\framework\system\View\View.php(213): CodeIgniter\Exceptions\FrameworkException::forInvalidFile('Dashboard.php')
#1 G:\Localhost\resutoran-admin\vendor\codeigniter4\framework\system\Common.php(1271): CodeIgniter\View\View->render('Dashboard', Array, true)
#2 G:\Localhost\resutoran-admin\app\Controllers\BaseController.php(66): view('Dashboard')
#3 G:\Localhost\resutoran-admin\app\Controllers\Dashboard.php(12): App\Controllers\BaseController->myView(Array, Array)
#4 G:\Localhost\resutoran-admin\vendor\codeigniter4\framework\system\CodeIgniter.php(928): App\Controllers\Dashboard->index()
#5 G:\Localhost\resutoran-admin\vendor\codeigniter4\framework\system\CodeIgniter.php(436): CodeIgniter\CodeIgniter->runController(Object(App\Controllers\Dashboard))
#6 G:\Localhost\resutoran-admin\vendor\codeigniter4\framework\system\CodeIgniter.php(336): CodeIgniter\CodeIgniter->handleRequest(NULL, Object(Config\Cache), false)
#7 G:\Localhost\resutoran-admin\public\index.php(37): CodeIgniter\CodeIgniter->run()
#8 G:\Localhost\resutoran-admin\vendor\codeigniter4\framework\system\Commands\Server\rewrite.php(45): require_once('G:\\Localhost\\re...')
#9 {main}
CRITICAL - 2021-06-17 02:52:59 --> Invalid file: Dashboard.php
#0 G:\Localhost\resutoran-admin\vendor\codeigniter4\framework\system\View\View.php(213): CodeIgniter\Exceptions\FrameworkException::forInvalidFile('Dashboard.php')
#1 G:\Localhost\resutoran-admin\vendor\codeigniter4\framework\system\Common.php(1271): CodeIgniter\View\View->render('Dashboard', Array, true)
#2 G:\Localhost\resutoran-admin\app\Controllers\BaseController.php(66): view('Dashboard')
#3 G:\Localhost\resutoran-admin\app\Controllers\Dashboard.php(12): App\Controllers\BaseController->myView(Array, Array)
#4 G:\Localhost\resutoran-admin\vendor\codeigniter4\framework\system\CodeIgniter.php(928): App\Controllers\Dashboard->index()
#5 G:\Localhost\resutoran-admin\vendor\codeigniter4\framework\system\CodeIgniter.php(436): CodeIgniter\CodeIgniter->runController(Object(App\Controllers\Dashboard))
#6 G:\Localhost\resutoran-admin\vendor\codeigniter4\framework\system\CodeIgniter.php(336): CodeIgniter\CodeIgniter->handleRequest(NULL, Object(Config\Cache), false)
#7 G:\Localhost\resutoran-admin\public\index.php(37): CodeIgniter\CodeIgniter->run()
#8 G:\Localhost\resutoran-admin\vendor\codeigniter4\framework\system\Commands\Server\rewrite.php(45): require_once('G:\\Localhost\\re...')
#9 {main}
CRITICAL - 2021-06-17 02:53:09 --> Invalid file: Dashboard.php
#0 G:\Localhost\resutoran-admin\vendor\codeigniter4\framework\system\View\View.php(213): CodeIgniter\Exceptions\FrameworkException::forInvalidFile('Dashboard.php')
#1 G:\Localhost\resutoran-admin\vendor\codeigniter4\framework\system\Common.php(1271): CodeIgniter\View\View->render('Dashboard', Array, true)
#2 G:\Localhost\resutoran-admin\app\Controllers\BaseController.php(66): view('Dashboard')
#3 G:\Localhost\resutoran-admin\app\Controllers\Dashboard.php(12): App\Controllers\BaseController->myView(Array, Array)
#4 G:\Localhost\resutoran-admin\vendor\codeigniter4\framework\system\CodeIgniter.php(928): App\Controllers\Dashboard->index()
#5 G:\Localhost\resutoran-admin\vendor\codeigniter4\framework\system\CodeIgniter.php(436): CodeIgniter\CodeIgniter->runController(Object(App\Controllers\Dashboard))
#6 G:\Localhost\resutoran-admin\vendor\codeigniter4\framework\system\CodeIgniter.php(336): CodeIgniter\CodeIgniter->handleRequest(NULL, Object(Config\Cache), false)
#7 G:\Localhost\resutoran-admin\public\index.php(37): CodeIgniter\CodeIgniter->run()
#8 G:\Localhost\resutoran-admin\vendor\codeigniter4\framework\system\Commands\Server\rewrite.php(45): require_once('G:\\Localhost\\re...')
#9 {main}
CRITICAL - 2021-06-17 02:53:12 --> Invalid file: Dashboard.php
#0 G:\Localhost\resutoran-admin\vendor\codeigniter4\framework\system\View\View.php(213): CodeIgniter\Exceptions\FrameworkException::forInvalidFile('Dashboard.php')
#1 G:\Localhost\resutoran-admin\vendor\codeigniter4\framework\system\Common.php(1271): CodeIgniter\View\View->render('Dashboard', Array, true)
#2 G:\Localhost\resutoran-admin\app\Controllers\BaseController.php(66): view('Dashboard')
#3 G:\Localhost\resutoran-admin\app\Controllers\Dashboard.php(12): App\Controllers\BaseController->myView(Array, Array)
#4 G:\Localhost\resutoran-admin\vendor\codeigniter4\framework\system\CodeIgniter.php(928): App\Controllers\Dashboard->index()
#5 G:\Localhost\resutoran-admin\vendor\codeigniter4\framework\system\CodeIgniter.php(436): CodeIgniter\CodeIgniter->runController(Object(App\Controllers\Dashboard))
#6 G:\Localhost\resutoran-admin\vendor\codeigniter4\framework\system\CodeIgniter.php(336): CodeIgniter\CodeIgniter->handleRequest(NULL, Object(Config\Cache), false)
#7 G:\Localhost\resutoran-admin\public\index.php(37): CodeIgniter\CodeIgniter->run()
#8 G:\Localhost\resutoran-admin\vendor\codeigniter4\framework\system\Commands\Server\rewrite.php(45): require_once('G:\\Localhost\\re...')
#9 {main}
CRITICAL - 2021-06-17 04:05:45 --> Invalid file: Assets/Dashboard/Restoran.php
#0 G:\Localhost\resutoran-admin\vendor\codeigniter4\framework\system\View\View.php(213): CodeIgniter\Exceptions\FrameworkException::forInvalidFile('Assets/Dashboar...')
#1 G:\Localhost\resutoran-admin\vendor\codeigniter4\framework\system\Common.php(1271): CodeIgniter\View\View->render('Assets/Dashboar...', Array, true)
#2 G:\Localhost\resutoran-admin\app\Views\Render\Restoran.php(5): view('Assets/Dashboar...')
#3 G:\Localhost\resutoran-admin\vendor\codeigniter4\framework\system\View\View.php(230): include('G:\\Localhost\\re...')
#4 G:\Localhost\resutoran-admin\vendor\codeigniter4\framework\system\View\View.php(232): CodeIgniter\View\View->CodeIgniter\View\{closure}()
#5 G:\Localhost\resutoran-admin\vendor\codeigniter4\framework\system\Common.php(1271): CodeIgniter\View\View->render('Render/Restoran', Array, true)
#6 G:\Localhost\resutoran-admin\app\Controllers\BaseController.php(66): view('Render/Restoran')
#7 G:\Localhost\resutoran-admin\app\Controllers\Dashboard.php(20): App\Controllers\BaseController->myView(Array, Array)
#8 G:\Localhost\resutoran-admin\vendor\codeigniter4\framework\system\CodeIgniter.php(928): App\Controllers\Dashboard->restoran()
#9 G:\Localhost\resutoran-admin\vendor\codeigniter4\framework\system\CodeIgniter.php(436): CodeIgniter\CodeIgniter->runController(Object(App\Controllers\Dashboard))
#10 G:\Localhost\resutoran-admin\vendor\codeigniter4\framework\system\CodeIgniter.php(336): CodeIgniter\CodeIgniter->handleRequest(NULL, Object(Config\Cache), false)
#11 G:\Localhost\resutoran-admin\public\index.php(37): CodeIgniter\CodeIgniter->run()
#12 G:\Localhost\resutoran-admin\vendor\codeigniter4\framework\system\Commands\Server\rewrite.php(45): require_once('G:\\Localhost\\re...')
#13 {main}
