CRITICAL - 2021-06-16 01:32:35 --> syntax error, unexpected 'return' (T_RETURN), expecting function (T_FUNCTION) or const (T_CONST)
#0 G:\Localhost\resutoran-admin\vendor\codeigniter4\framework\system\Router\Router.php(169): CodeIgniter\Router\Router->autoRoute('dashboard')
#1 G:\Localhost\resutoran-admin\vendor\codeigniter4\framework\system\CodeIgniter.php(809): CodeIgniter\Router\Router->handle('dashboard')
#2 G:\Localhost\resutoran-admin\vendor\codeigniter4\framework\system\CodeIgniter.php(389): CodeIgniter\CodeIgniter->tryToRouteIt(Object(CodeIgniter\Router\RouteCollection))
#3 G:\Localhost\resutoran-admin\vendor\codeigniter4\framework\system\CodeIgniter.php(336): CodeIgniter\CodeIgniter->handleRequest(NULL, Object(Config\Cache), false)
#4 G:\Localhost\resutoran-admin\public\index.php(37): CodeIgniter\CodeIgniter->run()
#5 G:\Localhost\resutoran-admin\vendor\codeigniter4\framework\system\Commands\Server\rewrite.php(45): require_once('G:\\Localhost\\re...')
#6 {main}
CRITICAL - 2021-06-16 01:33:26 --> syntax error, unexpected '('
#0 G:\Localhost\resutoran-admin\vendor\codeigniter4\framework\system\Router\Router.php(169): CodeIgniter\Router\Router->autoRoute('dashboard')
#1 G:\Localhost\resutoran-admin\vendor\codeigniter4\framework\system\CodeIgniter.php(809): CodeIgniter\Router\Router->handle('dashboard')
#2 G:\Localhost\resutoran-admin\vendor\codeigniter4\framework\system\CodeIgniter.php(389): CodeIgniter\CodeIgniter->tryToRouteIt(Object(CodeIgniter\Router\RouteCollection))
#3 G:\Localhost\resutoran-admin\vendor\codeigniter4\framework\system\CodeIgniter.php(336): CodeIgniter\CodeIgniter->handleRequest(NULL, Object(Config\Cache), false)
#4 G:\Localhost\resutoran-admin\public\index.php(37): CodeIgniter\CodeIgniter->run()
#5 G:\Localhost\resutoran-admin\vendor\codeigniter4\framework\system\Commands\Server\rewrite.php(45): require_once('G:\\Localhost\\re...')
#6 {main}
CRITICAL - 2021-06-16 01:44:49 --> A non-numeric value encountered
#0 G:\Localhost\resutoran-admin\app\Controllers\Auth.php(13): CodeIgniter\Debug\Exceptions->errorHandler(2, 'A non-numeric v...', 'G:\\Localhost\\re...', 13, Array)
#1 G:\Localhost\resutoran-admin\vendor\codeigniter4\framework\system\CodeIgniter.php(928): App\Controllers\Auth->login()
#2 G:\Localhost\resutoran-admin\vendor\codeigniter4\framework\system\CodeIgniter.php(436): CodeIgniter\CodeIgniter->runController(Object(App\Controllers\Auth))
#3 G:\Localhost\resutoran-admin\vendor\codeigniter4\framework\system\CodeIgniter.php(336): CodeIgniter\CodeIgniter->handleRequest(NULL, Object(Config\Cache), false)
#4 G:\Localhost\resutoran-admin\public\index.php(37): CodeIgniter\CodeIgniter->run()
#5 G:\Localhost\resutoran-admin\vendor\codeigniter4\framework\system\Commands\Server\rewrite.php(45): require_once('G:\\Localhost\\re...')
#6 {main}
CRITICAL - 2021-06-16 01:45:09 --> syntax error, unexpected ',', expecting ';'
#0 G:\Localhost\resutoran-admin\vendor\codeigniter4\framework\system\Router\Router.php(169): CodeIgniter\Router\Router->autoRoute('auth/login')
#1 G:\Localhost\resutoran-admin\vendor\codeigniter4\framework\system\CodeIgniter.php(809): CodeIgniter\Router\Router->handle('auth/login')
#2 G:\Localhost\resutoran-admin\vendor\codeigniter4\framework\system\CodeIgniter.php(389): CodeIgniter\CodeIgniter->tryToRouteIt(Object(CodeIgniter\Router\RouteCollection))
#3 G:\Localhost\resutoran-admin\vendor\codeigniter4\framework\system\CodeIgniter.php(336): CodeIgniter\CodeIgniter->handleRequest(NULL, Object(Config\Cache), false)
#4 G:\Localhost\resutoran-admin\public\index.php(37): CodeIgniter\CodeIgniter->run()
#5 G:\Localhost\resutoran-admin\vendor\codeigniter4\framework\system\Commands\Server\rewrite.php(45): require_once('G:\\Localhost\\re...')
#6 {main}
CRITICAL - 2021-06-16 01:49:27 --> Call to undefined method CodeIgniter\View\View::view()
#0 G:\Localhost\resutoran-admin\vendor\codeigniter4\framework\system\View\View.php(230): include()
#1 G:\Localhost\resutoran-admin\vendor\codeigniter4\framework\system\View\View.php(232): CodeIgniter\View\View->CodeIgniter\View\{closure}()
#2 G:\Localhost\resutoran-admin\vendor\codeigniter4\framework\system\Common.php(1271): CodeIgniter\View\View->render('RenderLogin', Array, true)
#3 G:\Localhost\resutoran-admin\app\Controllers\Auth.php(14): view('RenderLogin')
#4 G:\Localhost\resutoran-admin\vendor\codeigniter4\framework\system\CodeIgniter.php(928): App\Controllers\Auth->login()
#5 G:\Localhost\resutoran-admin\vendor\codeigniter4\framework\system\CodeIgniter.php(436): CodeIgniter\CodeIgniter->runController(Object(App\Controllers\Auth))
#6 G:\Localhost\resutoran-admin\vendor\codeigniter4\framework\system\CodeIgniter.php(336): CodeIgniter\CodeIgniter->handleRequest(NULL, Object(Config\Cache), false)
#7 G:\Localhost\resutoran-admin\public\index.php(37): CodeIgniter\CodeIgniter->run()
#8 G:\Localhost\resutoran-admin\vendor\codeigniter4\framework\system\Commands\Server\rewrite.php(45): require_once('G:\\Localhost\\re...')
#9 {main}
CRITICAL - 2021-06-16 01:50:29 --> Invalid file: Assets/Login.php
#0 G:\Localhost\resutoran-admin\vendor\codeigniter4\framework\system\View\View.php(213): CodeIgniter\Exceptions\FrameworkException::forInvalidFile('Assets/Login.ph...')
#1 G:\Localhost\resutoran-admin\vendor\codeigniter4\framework\system\Common.php(1271): CodeIgniter\View\View->render('Assets/Login', Array, true)
#2 G:\Localhost\resutoran-admin\app\Views\RenderLogin.php(3): view('Assets/Login')
#3 G:\Localhost\resutoran-admin\vendor\codeigniter4\framework\system\View\View.php(230): include('G:\\Localhost\\re...')
#4 G:\Localhost\resutoran-admin\vendor\codeigniter4\framework\system\View\View.php(232): CodeIgniter\View\View->CodeIgniter\View\{closure}()
#5 G:\Localhost\resutoran-admin\vendor\codeigniter4\framework\system\Common.php(1271): CodeIgniter\View\View->render('RenderLogin', Array, true)
#6 G:\Localhost\resutoran-admin\app\Controllers\Auth.php(14): view('RenderLogin')
#7 G:\Localhost\resutoran-admin\vendor\codeigniter4\framework\system\CodeIgniter.php(928): App\Controllers\Auth->login()
#8 G:\Localhost\resutoran-admin\vendor\codeigniter4\framework\system\CodeIgniter.php(436): CodeIgniter\CodeIgniter->runController(Object(App\Controllers\Auth))
#9 G:\Localhost\resutoran-admin\vendor\codeigniter4\framework\system\CodeIgniter.php(336): CodeIgniter\CodeIgniter->handleRequest(NULL, Object(Config\Cache), false)
#10 G:\Localhost\resutoran-admin\public\index.php(37): CodeIgniter\CodeIgniter->run()
#11 G:\Localhost\resutoran-admin\vendor\codeigniter4\framework\system\Commands\Server\rewrite.php(45): require_once('G:\\Localhost\\re...')
#12 {main}
CRITICAL - 2021-06-16 02:15:55 --> Undefined variable: data
#0 G:\Localhost\resutoran-admin\app\Views\Login.php(109): CodeIgniter\Debug\Exceptions->errorHandler(8, 'Undefined varia...', 'G:\\Localhost\\re...', 109, Array)
#1 G:\Localhost\resutoran-admin\vendor\codeigniter4\framework\system\View\View.php(230): include('G:\\Localhost\\re...')
#2 G:\Localhost\resutoran-admin\vendor\codeigniter4\framework\system\View\View.php(232): CodeIgniter\View\View->CodeIgniter\View\{closure}()
#3 G:\Localhost\resutoran-admin\vendor\codeigniter4\framework\system\Common.php(1271): CodeIgniter\View\View->render('Login', Array, true)
#4 G:\Localhost\resutoran-admin\app\Controllers\BaseController.php(65): view('Login')
#5 G:\Localhost\resutoran-admin\app\Controllers\Auth.php(16): App\Controllers\BaseController->myView('Login', Array)
#6 G:\Localhost\resutoran-admin\vendor\codeigniter4\framework\system\CodeIgniter.php(928): App\Controllers\Auth->login()
#7 G:\Localhost\resutoran-admin\vendor\codeigniter4\framework\system\CodeIgniter.php(436): CodeIgniter\CodeIgniter->runController(Object(App\Controllers\Auth))
#8 G:\Localhost\resutoran-admin\vendor\codeigniter4\framework\system\CodeIgniter.php(336): CodeIgniter\CodeIgniter->handleRequest(NULL, Object(Config\Cache), false)
#9 G:\Localhost\resutoran-admin\public\index.php(37): CodeIgniter\CodeIgniter->run()
#10 G:\Localhost\resutoran-admin\vendor\codeigniter4\framework\system\Commands\Server\rewrite.php(45): require_once('G:\\Localhost\\re...')
#11 {main}
CRITICAL - 2021-06-16 02:16:26 --> Undefined variable: data
#0 G:\Localhost\resutoran-admin\app\Views\Login.php(109): CodeIgniter\Debug\Exceptions->errorHandler(8, 'Undefined varia...', 'G:\\Localhost\\re...', 109, Array)
#1 G:\Localhost\resutoran-admin\vendor\codeigniter4\framework\system\View\View.php(230): include('G:\\Localhost\\re...')
#2 G:\Localhost\resutoran-admin\vendor\codeigniter4\framework\system\View\View.php(232): CodeIgniter\View\View->CodeIgniter\View\{closure}()
#3 G:\Localhost\resutoran-admin\vendor\codeigniter4\framework\system\Common.php(1271): CodeIgniter\View\View->render('Login', Array, true)
#4 G:\Localhost\resutoran-admin\app\Controllers\BaseController.php(65): view('Login', Array)
#5 G:\Localhost\resutoran-admin\app\Controllers\Auth.php(16): App\Controllers\BaseController->myView('Login', Array)
#6 G:\Localhost\resutoran-admin\vendor\codeigniter4\framework\system\CodeIgniter.php(928): App\Controllers\Auth->login()
#7 G:\Localhost\resutoran-admin\vendor\codeigniter4\framework\system\CodeIgniter.php(436): CodeIgniter\CodeIgniter->runController(Object(App\Controllers\Auth))
#8 G:\Localhost\resutoran-admin\vendor\codeigniter4\framework\system\CodeIgniter.php(336): CodeIgniter\CodeIgniter->handleRequest(NULL, Object(Config\Cache), false)
#9 G:\Localhost\resutoran-admin\public\index.php(37): CodeIgniter\CodeIgniter->run()
#10 G:\Localhost\resutoran-admin\vendor\codeigniter4\framework\system\Commands\Server\rewrite.php(45): require_once('G:\\Localhost\\re...')
#11 {main}
CRITICAL - 2021-06-16 02:16:36 --> Undefined variable: data
#0 G:\Localhost\resutoran-admin\app\Views\Login.php(109): CodeIgniter\Debug\Exceptions->errorHandler(8, 'Undefined varia...', 'G:\\Localhost\\re...', 109, Array)
#1 G:\Localhost\resutoran-admin\vendor\codeigniter4\framework\system\View\View.php(230): include('G:\\Localhost\\re...')
#2 G:\Localhost\resutoran-admin\vendor\codeigniter4\framework\system\View\View.php(232): CodeIgniter\View\View->CodeIgniter\View\{closure}()
#3 G:\Localhost\resutoran-admin\vendor\codeigniter4\framework\system\Common.php(1271): CodeIgniter\View\View->render('Login', Array, true)
#4 G:\Localhost\resutoran-admin\app\Controllers\BaseController.php(65): view('Login', Array)
#5 G:\Localhost\resutoran-admin\app\Controllers\Auth.php(16): App\Controllers\BaseController->myView('Login', Array)
#6 G:\Localhost\resutoran-admin\vendor\codeigniter4\framework\system\CodeIgniter.php(928): App\Controllers\Auth->login()
#7 G:\Localhost\resutoran-admin\vendor\codeigniter4\framework\system\CodeIgniter.php(436): CodeIgniter\CodeIgniter->runController(Object(App\Controllers\Auth))
#8 G:\Localhost\resutoran-admin\vendor\codeigniter4\framework\system\CodeIgniter.php(336): CodeIgniter\CodeIgniter->handleRequest(NULL, Object(Config\Cache), false)
#9 G:\Localhost\resutoran-admin\public\index.php(37): CodeIgniter\CodeIgniter->run()
#10 G:\Localhost\resutoran-admin\vendor\codeigniter4\framework\system\Commands\Server\rewrite.php(45): require_once('G:\\Localhost\\re...')
#11 {main}
CRITICAL - 2021-06-16 02:18:05 --> Undefined variable: data
#0 G:\Localhost\resutoran-admin\app\Views\Login.php(109): CodeIgniter\Debug\Exceptions->errorHandler(8, 'Undefined varia...', 'G:\\Localhost\\re...', 109, Array)
#1 G:\Localhost\resutoran-admin\vendor\codeigniter4\framework\system\View\View.php(230): include('G:\\Localhost\\re...')
#2 G:\Localhost\resutoran-admin\vendor\codeigniter4\framework\system\View\View.php(232): CodeIgniter\View\View->CodeIgniter\View\{closure}()
#3 G:\Localhost\resutoran-admin\vendor\codeigniter4\framework\system\Common.php(1271): CodeIgniter\View\View->render('Login', Array, true)
#4 G:\Localhost\resutoran-admin\app\Controllers\BaseController.php(66): view('Login', Array)
#5 G:\Localhost\resutoran-admin\app\Controllers\Auth.php(16): App\Controllers\BaseController->myView('Login', Array)
#6 G:\Localhost\resutoran-admin\vendor\codeigniter4\framework\system\CodeIgniter.php(928): App\Controllers\Auth->login()
#7 G:\Localhost\resutoran-admin\vendor\codeigniter4\framework\system\CodeIgniter.php(436): CodeIgniter\CodeIgniter->runController(Object(App\Controllers\Auth))
#8 G:\Localhost\resutoran-admin\vendor\codeigniter4\framework\system\CodeIgniter.php(336): CodeIgniter\CodeIgniter->handleRequest(NULL, Object(Config\Cache), false)
#9 G:\Localhost\resutoran-admin\public\index.php(37): CodeIgniter\CodeIgniter->run()
#10 G:\Localhost\resutoran-admin\vendor\codeigniter4\framework\system\Commands\Server\rewrite.php(45): require_once('G:\\Localhost\\re...')
#11 {main}
CRITICAL - 2021-06-16 02:19:16 --> Undefined variable: data
#0 G:\Localhost\resutoran-admin\app\Views\Login.php(109): CodeIgniter\Debug\Exceptions->errorHandler(8, 'Undefined varia...', 'G:\\Localhost\\re...', 109, Array)
#1 G:\Localhost\resutoran-admin\vendor\codeigniter4\framework\system\View\View.php(230): include('G:\\Localhost\\re...')
#2 G:\Localhost\resutoran-admin\vendor\codeigniter4\framework\system\View\View.php(232): CodeIgniter\View\View->CodeIgniter\View\{closure}()
#3 G:\Localhost\resutoran-admin\vendor\codeigniter4\framework\system\Common.php(1271): CodeIgniter\View\View->render('Login', Array, true)
#4 G:\Localhost\resutoran-admin\app\Controllers\BaseController.php(65): view('Login', Array)
#5 G:\Localhost\resutoran-admin\app\Controllers\Auth.php(16): App\Controllers\BaseController->myView('Login', Array)
#6 G:\Localhost\resutoran-admin\vendor\codeigniter4\framework\system\CodeIgniter.php(928): App\Controllers\Auth->login()
#7 G:\Localhost\resutoran-admin\vendor\codeigniter4\framework\system\CodeIgniter.php(436): CodeIgniter\CodeIgniter->runController(Object(App\Controllers\Auth))
#8 G:\Localhost\resutoran-admin\vendor\codeigniter4\framework\system\CodeIgniter.php(336): CodeIgniter\CodeIgniter->handleRequest(NULL, Object(Config\Cache), false)
#9 G:\Localhost\resutoran-admin\public\index.php(37): CodeIgniter\CodeIgniter->run()
#10 G:\Localhost\resutoran-admin\vendor\codeigniter4\framework\system\Commands\Server\rewrite.php(45): require_once('G:\\Localhost\\re...')
#11 {main}
CRITICAL - 2021-06-16 02:19:32 --> Undefined variable: data
#0 G:\Localhost\resutoran-admin\app\Views\Login.php(109): CodeIgniter\Debug\Exceptions->errorHandler(8, 'Undefined varia...', 'G:\\Localhost\\re...', 109, Array)
#1 G:\Localhost\resutoran-admin\vendor\codeigniter4\framework\system\View\View.php(230): include('G:\\Localhost\\re...')
#2 G:\Localhost\resutoran-admin\vendor\codeigniter4\framework\system\View\View.php(232): CodeIgniter\View\View->CodeIgniter\View\{closure}()
#3 G:\Localhost\resutoran-admin\vendor\codeigniter4\framework\system\Common.php(1271): CodeIgniter\View\View->render('Login', Array, true)
#4 G:\Localhost\resutoran-admin\app\Controllers\BaseController.php(65): view('Login', Array)
#5 G:\Localhost\resutoran-admin\app\Controllers\Auth.php(16): App\Controllers\BaseController->myView('Login', Array)
#6 G:\Localhost\resutoran-admin\vendor\codeigniter4\framework\system\CodeIgniter.php(928): App\Controllers\Auth->login()
#7 G:\Localhost\resutoran-admin\vendor\codeigniter4\framework\system\CodeIgniter.php(436): CodeIgniter\CodeIgniter->runController(Object(App\Controllers\Auth))
#8 G:\Localhost\resutoran-admin\vendor\codeigniter4\framework\system\CodeIgniter.php(336): CodeIgniter\CodeIgniter->handleRequest(NULL, Object(Config\Cache), false)
#9 G:\Localhost\resutoran-admin\public\index.php(37): CodeIgniter\CodeIgniter->run()
#10 G:\Localhost\resutoran-admin\vendor\codeigniter4\framework\system\Commands\Server\rewrite.php(45): require_once('G:\\Localhost\\re...')
#11 {main}
CRITICAL - 2021-06-16 02:24:15 --> Invalid argument supplied for foreach()
#0 G:\Localhost\resutoran-admin\app\Controllers\BaseController.php(65): CodeIgniter\Debug\Exceptions->errorHandler(2, 'Invalid argumen...', 'G:\\Localhost\\re...', 65, Array)
#1 G:\Localhost\resutoran-admin\app\Controllers\Auth.php(16): App\Controllers\BaseController->myView('Login', Array)
#2 G:\Localhost\resutoran-admin\vendor\codeigniter4\framework\system\CodeIgniter.php(928): App\Controllers\Auth->login()
#3 G:\Localhost\resutoran-admin\vendor\codeigniter4\framework\system\CodeIgniter.php(436): CodeIgniter\CodeIgniter->runController(Object(App\Controllers\Auth))
#4 G:\Localhost\resutoran-admin\vendor\codeigniter4\framework\system\CodeIgniter.php(336): CodeIgniter\CodeIgniter->handleRequest(NULL, Object(Config\Cache), false)
#5 G:\Localhost\resutoran-admin\public\index.php(37): CodeIgniter\CodeIgniter->run()
#6 G:\Localhost\resutoran-admin\vendor\codeigniter4\framework\system\Commands\Server\rewrite.php(45): require_once('G:\\Localhost\\re...')
#7 {main}
CRITICAL - 2021-06-16 02:26:58 --> Argument 2 passed to view() must be of the type array, null given, called in G:\Localhost\resutoran-admin\app\Controllers\BaseController.php on line 64
#0 G:\Localhost\resutoran-admin\app\Controllers\BaseController.php(64): view('Assets/OpenHtml', NULL)
#1 G:\Localhost\resutoran-admin\app\Controllers\Auth.php(16): App\Controllers\BaseController->myView(Array)
#2 G:\Localhost\resutoran-admin\vendor\codeigniter4\framework\system\CodeIgniter.php(928): App\Controllers\Auth->login()
#3 G:\Localhost\resutoran-admin\vendor\codeigniter4\framework\system\CodeIgniter.php(436): CodeIgniter\CodeIgniter->runController(Object(App\Controllers\Auth))
#4 G:\Localhost\resutoran-admin\vendor\codeigniter4\framework\system\CodeIgniter.php(336): CodeIgniter\CodeIgniter->handleRequest(NULL, Object(Config\Cache), false)
#5 G:\Localhost\resutoran-admin\public\index.php(37): CodeIgniter\CodeIgniter->run()
#6 G:\Localhost\resutoran-admin\vendor\codeigniter4\framework\system\Commands\Server\rewrite.php(45): require_once('G:\\Localhost\\re...')
#7 {main}
CRITICAL - 2021-06-16 02:27:45 --> Undefined variable: Judul
#0 G:\Localhost\resutoran-admin\app\Views\Login.php(109): CodeIgniter\Debug\Exceptions->errorHandler(8, 'Undefined varia...', 'G:\\Localhost\\re...', 109, Array)
#1 G:\Localhost\resutoran-admin\vendor\codeigniter4\framework\system\View\View.php(230): include('G:\\Localhost\\re...')
#2 G:\Localhost\resutoran-admin\vendor\codeigniter4\framework\system\View\View.php(232): CodeIgniter\View\View->CodeIgniter\View\{closure}()
#3 G:\Localhost\resutoran-admin\vendor\codeigniter4\framework\system\Common.php(1271): CodeIgniter\View\View->render('Login', Array, true)
#4 G:\Localhost\resutoran-admin\app\Controllers\BaseController.php(66): view('Login')
#5 G:\Localhost\resutoran-admin\app\Controllers\Auth.php(16): App\Controllers\BaseController->myView(Array)
#6 G:\Localhost\resutoran-admin\vendor\codeigniter4\framework\system\CodeIgniter.php(928): App\Controllers\Auth->login()
#7 G:\Localhost\resutoran-admin\vendor\codeigniter4\framework\system\CodeIgniter.php(436): CodeIgniter\CodeIgniter->runController(Object(App\Controllers\Auth))
#8 G:\Localhost\resutoran-admin\vendor\codeigniter4\framework\system\CodeIgniter.php(336): CodeIgniter\CodeIgniter->handleRequest(NULL, Object(Config\Cache), false)
#9 G:\Localhost\resutoran-admin\public\index.php(37): CodeIgniter\CodeIgniter->run()
#10 G:\Localhost\resutoran-admin\vendor\codeigniter4\framework\system\Commands\Server\rewrite.php(45): require_once('G:\\Localhost\\re...')
#11 {main}
CRITICAL - 2021-06-16 02:28:09 --> syntax error, unexpected '?>'
#0 G:\Localhost\resutoran-admin\vendor\codeigniter4\framework\system\View\View.php(232): CodeIgniter\View\View->CodeIgniter\View\{closure}()
#1 G:\Localhost\resutoran-admin\vendor\codeigniter4\framework\system\Common.php(1271): CodeIgniter\View\View->render('Login', Array, true)
#2 G:\Localhost\resutoran-admin\app\Controllers\BaseController.php(66): view('Login')
#3 G:\Localhost\resutoran-admin\app\Controllers\Auth.php(16): App\Controllers\BaseController->myView(Array)
#4 G:\Localhost\resutoran-admin\vendor\codeigniter4\framework\system\CodeIgniter.php(928): App\Controllers\Auth->login()
#5 G:\Localhost\resutoran-admin\vendor\codeigniter4\framework\system\CodeIgniter.php(436): CodeIgniter\CodeIgniter->runController(Object(App\Controllers\Auth))
#6 G:\Localhost\resutoran-admin\vendor\codeigniter4\framework\system\CodeIgniter.php(336): CodeIgniter\CodeIgniter->handleRequest(NULL, Object(Config\Cache), false)
#7 G:\Localhost\resutoran-admin\public\index.php(37): CodeIgniter\CodeIgniter->run()
#8 G:\Localhost\resutoran-admin\vendor\codeigniter4\framework\system\Commands\Server\rewrite.php(45): require_once('G:\\Localhost\\re...')
#9 {main}
CRITICAL - 2021-06-16 02:35:46 --> Undefined variable: judul
#0 G:\Localhost\resutoran-admin\app\Views\Assets\OpenHtml.php(8): CodeIgniter\Debug\Exceptions->errorHandler(8, 'Undefined varia...', 'G:\\Localhost\\re...', 8, Array)
#1 G:\Localhost\resutoran-admin\vendor\codeigniter4\framework\system\View\View.php(230): include('G:\\Localhost\\re...')
#2 G:\Localhost\resutoran-admin\vendor\codeigniter4\framework\system\View\View.php(232): CodeIgniter\View\View->CodeIgniter\View\{closure}()
#3 G:\Localhost\resutoran-admin\vendor\codeigniter4\framework\system\Common.php(1271): CodeIgniter\View\View->render('Assets/OpenHtml', Array, true)
#4 G:\Localhost\resutoran-admin\app\Controllers\BaseController.php(64): view('Assets/OpenHtml', Array)
#5 G:\Localhost\resutoran-admin\app\Controllers\Auth.php(16): App\Controllers\BaseController->myView(Array, Array)
#6 G:\Localhost\resutoran-admin\vendor\codeigniter4\framework\system\CodeIgniter.php(928): App\Controllers\Auth->login()
#7 G:\Localhost\resutoran-admin\vendor\codeigniter4\framework\system\CodeIgniter.php(436): CodeIgniter\CodeIgniter->runController(Object(App\Controllers\Auth))
#8 G:\Localhost\resutoran-admin\vendor\codeigniter4\framework\system\CodeIgniter.php(336): CodeIgniter\CodeIgniter->handleRequest(NULL, Object(Config\Cache), false)
#9 G:\Localhost\resutoran-admin\public\index.php(37): CodeIgniter\CodeIgniter->run()
#10 G:\Localhost\resutoran-admin\vendor\codeigniter4\framework\system\Commands\Server\rewrite.php(45): require_once('G:\\Localhost\\re...')
#11 {main}
CRITICAL - 2021-06-16 02:47:18 --> Call to undefined function App\Controllers\myView()
#0 G:\Localhost\resutoran-admin\vendor\codeigniter4\framework\system\CodeIgniter.php(928): App\Controllers\Dashboard->index()
#1 G:\Localhost\resutoran-admin\vendor\codeigniter4\framework\system\CodeIgniter.php(436): CodeIgniter\CodeIgniter->runController(Object(App\Controllers\Dashboard))
#2 G:\Localhost\resutoran-admin\vendor\codeigniter4\framework\system\CodeIgniter.php(336): CodeIgniter\CodeIgniter->handleRequest(NULL, Object(Config\Cache), false)
#3 G:\Localhost\resutoran-admin\public\index.php(37): CodeIgniter\CodeIgniter->run()
#4 G:\Localhost\resutoran-admin\vendor\codeigniter4\framework\system\Commands\Server\rewrite.php(45): require_once('G:\\Localhost\\re...')
#5 {main}
CRITICAL - 2021-06-16 02:54:32 --> syntax error, unexpected '}'
#0 G:\Localhost\resutoran-admin\vendor\codeigniter4\framework\system\Router\Router.php(169): CodeIgniter\Router\Router->autoRoute('auth/logout')
#1 G:\Localhost\resutoran-admin\vendor\codeigniter4\framework\system\CodeIgniter.php(809): CodeIgniter\Router\Router->handle('auth/logout')
#2 G:\Localhost\resutoran-admin\vendor\codeigniter4\framework\system\CodeIgniter.php(389): CodeIgniter\CodeIgniter->tryToRouteIt(Object(CodeIgniter\Router\RouteCollection))
#3 G:\Localhost\resutoran-admin\vendor\codeigniter4\framework\system\CodeIgniter.php(336): CodeIgniter\CodeIgniter->handleRequest(NULL, Object(Config\Cache), false)
#4 G:\Localhost\resutoran-admin\public\index.php(37): CodeIgniter\CodeIgniter->run()
#5 G:\Localhost\resutoran-admin\vendor\codeigniter4\framework\system\Commands\Server\rewrite.php(45): require_once('G:\\Localhost\\re...')
#6 {main}
CRITICAL - 2021-06-16 06:15:21 --> syntax error, unexpected '=', expecting ']'
#0 G:\Localhost\resutoran-admin\vendor\codeigniter4\framework\system\Router\Router.php(169): CodeIgniter\Router\Router->autoRoute('auth/registrasi...')
#1 G:\Localhost\resutoran-admin\vendor\codeigniter4\framework\system\CodeIgniter.php(809): CodeIgniter\Router\Router->handle('auth/registrasi...')
#2 G:\Localhost\resutoran-admin\vendor\codeigniter4\framework\system\CodeIgniter.php(389): CodeIgniter\CodeIgniter->tryToRouteIt(Object(CodeIgniter\Router\RouteCollection))
#3 G:\Localhost\resutoran-admin\vendor\codeigniter4\framework\system\CodeIgniter.php(336): CodeIgniter\CodeIgniter->handleRequest(NULL, Object(Config\Cache), false)
#4 G:\Localhost\resutoran-admin\public\index.php(37): CodeIgniter\CodeIgniter->run()
#5 G:\Localhost\resutoran-admin\vendor\codeigniter4\framework\system\Commands\Server\rewrite.php(45): require_once('G:\\Localhost\\re...')
#6 {main}
CRITICAL - 2021-06-16 06:15:54 --> Invalid file: registrasi.php
#0 G:\Localhost\resutoran-admin\vendor\codeigniter4\framework\system\View\View.php(213): CodeIgniter\Exceptions\FrameworkException::forInvalidFile('registrasi.php')
#1 G:\Localhost\resutoran-admin\vendor\codeigniter4\framework\system\Common.php(1271): CodeIgniter\View\View->render('registrasi', Array, true)
#2 G:\Localhost\resutoran-admin\app\Controllers\BaseController.php(66): view('registrasi')
#3 G:\Localhost\resutoran-admin\app\Controllers\Auth.php(32): App\Controllers\BaseController->myView(Array, Array)
#4 G:\Localhost\resutoran-admin\vendor\codeigniter4\framework\system\CodeIgniter.php(928): App\Controllers\Auth->registrasi()
#5 G:\Localhost\resutoran-admin\vendor\codeigniter4\framework\system\CodeIgniter.php(436): CodeIgniter\CodeIgniter->runController(Object(App\Controllers\Auth))
#6 G:\Localhost\resutoran-admin\vendor\codeigniter4\framework\system\CodeIgniter.php(336): CodeIgniter\CodeIgniter->handleRequest(NULL, Object(Config\Cache), false)
#7 G:\Localhost\resutoran-admin\public\index.php(37): CodeIgniter\CodeIgniter->run()
#8 G:\Localhost\resutoran-admin\vendor\codeigniter4\framework\system\Commands\Server\rewrite.php(45): require_once('G:\\Localhost\\re...')
#9 {main}
CRITICAL - 2021-06-16 06:32:29 --> Argument 2 passed to view() must be of the type array, string given, called in G:\Localhost\resutoran-admin\app\Controllers\BaseController.php on line 64
#0 G:\Localhost\resutoran-admin\app\Controllers\BaseController.php(64): view('Assets/OpenHtml', '2')
#1 G:\Localhost\resutoran-admin\app\Controllers\Auth.php(32): App\Controllers\BaseController->myView(Array, '2', Array)
#2 G:\Localhost\resutoran-admin\vendor\codeigniter4\framework\system\CodeIgniter.php(928): App\Controllers\Auth->registrasi('2')
#3 G:\Localhost\resutoran-admin\vendor\codeigniter4\framework\system\CodeIgniter.php(436): CodeIgniter\CodeIgniter->runController(Object(App\Controllers\Auth))
#4 G:\Localhost\resutoran-admin\vendor\codeigniter4\framework\system\CodeIgniter.php(336): CodeIgniter\CodeIgniter->handleRequest(NULL, Object(Config\Cache), false)
#5 G:\Localhost\resutoran-admin\public\index.php(37): CodeIgniter\CodeIgniter->run()
#6 G:\Localhost\resutoran-admin\vendor\codeigniter4\framework\system\Commands\Server\rewrite.php(45): require_once('G:\\Localhost\\re...')
#7 {main}
CRITICAL - 2021-06-16 06:51:49 --> Undefined variable: email
#0 G:\Localhost\resutoran-admin\app\Views\Registrasi2.php(15): CodeIgniter\Debug\Exceptions->errorHandler(8, 'Undefined varia...', 'G:\\Localhost\\re...', 15, Array)
#1 G:\Localhost\resutoran-admin\vendor\codeigniter4\framework\system\View\View.php(230): include('G:\\Localhost\\re...')
#2 G:\Localhost\resutoran-admin\vendor\codeigniter4\framework\system\View\View.php(232): CodeIgniter\View\View->CodeIgniter\View\{closure}()
#3 G:\Localhost\resutoran-admin\vendor\codeigniter4\framework\system\Common.php(1271): CodeIgniter\View\View->render('Registrasi2', Array, true)
#4 G:\Localhost\resutoran-admin\app\Controllers\BaseController.php(66): view('Registrasi2')
#5 G:\Localhost\resutoran-admin\app\Controllers\Auth.php(35): App\Controllers\BaseController->myView(Array, Array)
#6 G:\Localhost\resutoran-admin\vendor\codeigniter4\framework\system\CodeIgniter.php(928): App\Controllers\Auth->registrasi('efe')
#7 G:\Localhost\resutoran-admin\vendor\codeigniter4\framework\system\CodeIgniter.php(436): CodeIgniter\CodeIgniter->runController(Object(App\Controllers\Auth))
#8 G:\Localhost\resutoran-admin\vendor\codeigniter4\framework\system\CodeIgniter.php(336): CodeIgniter\CodeIgniter->handleRequest(NULL, Object(Config\Cache), false)
#9 G:\Localhost\resutoran-admin\public\index.php(37): CodeIgniter\CodeIgniter->run()
#10 G:\Localhost\resutoran-admin\vendor\codeigniter4\framework\system\Commands\Server\rewrite.php(45): require_once('G:\\Localhost\\re...')
#11 {main}
CRITICAL - 2021-06-16 07:20:13 --> Too few arguments to function App\Controllers\Auth::registrasi(), 0 passed in G:\Localhost\resutoran-admin\vendor\codeigniter4\framework\system\CodeIgniter.php on line 928 and exactly 1 expected
#0 G:\Localhost\resutoran-admin\vendor\codeigniter4\framework\system\CodeIgniter.php(928): App\Controllers\Auth->registrasi()
#1 G:\Localhost\resutoran-admin\vendor\codeigniter4\framework\system\CodeIgniter.php(436): CodeIgniter\CodeIgniter->runController(Object(App\Controllers\Auth))
#2 G:\Localhost\resutoran-admin\vendor\codeigniter4\framework\system\CodeIgniter.php(336): CodeIgniter\CodeIgniter->handleRequest(NULL, Object(Config\Cache), false)
#3 G:\Localhost\resutoran-admin\public\index.php(37): CodeIgniter\CodeIgniter->run()
#4 G:\Localhost\resutoran-admin\vendor\codeigniter4\framework\system\Commands\Server\rewrite.php(45): require_once('G:\\Localhost\\re...')
#5 {main}
CRITICAL - 2021-06-16 10:19:38 --> A non-numeric value encountered
#0 G:\Localhost\resutoran-admin\app\Controllers\Auth.php(23): CodeIgniter\Debug\Exceptions->errorHandler(2, 'A non-numeric v...', 'G:\\Localhost\\re...', 23, Array)
#1 G:\Localhost\resutoran-admin\vendor\codeigniter4\framework\system\CodeIgniter.php(928): App\Controllers\Auth->logout()
#2 G:\Localhost\resutoran-admin\vendor\codeigniter4\framework\system\CodeIgniter.php(436): CodeIgniter\CodeIgniter->runController(Object(App\Controllers\Auth))
#3 G:\Localhost\resutoran-admin\vendor\codeigniter4\framework\system\CodeIgniter.php(336): CodeIgniter\CodeIgniter->handleRequest(NULL, Object(Config\Cache), false)
#4 G:\Localhost\resutoran-admin\public\index.php(37): CodeIgniter\CodeIgniter->run()
#5 G:\Localhost\resutoran-admin\vendor\codeigniter4\framework\system\Commands\Server\rewrite.php(45): require_once('G:\\Localhost\\re...')
#6 {main}
CRITICAL - 2021-06-16 10:20:10 --> header() expects parameter 3 to be int, string given
#0 [internal function]: CodeIgniter\Debug\Exceptions->errorHandler(2, 'header() expect...', 'G:\\Localhost\\re...', 23, Array)
#1 G:\Localhost\resutoran-admin\app\Controllers\Auth.php(23): header('Location: ', 'http://localhos...', '/auth')
#2 G:\Localhost\resutoran-admin\vendor\codeigniter4\framework\system\CodeIgniter.php(928): App\Controllers\Auth->logout()
#3 G:\Localhost\resutoran-admin\vendor\codeigniter4\framework\system\CodeIgniter.php(436): CodeIgniter\CodeIgniter->runController(Object(App\Controllers\Auth))
#4 G:\Localhost\resutoran-admin\vendor\codeigniter4\framework\system\CodeIgniter.php(336): CodeIgniter\CodeIgniter->handleRequest(NULL, Object(Config\Cache), false)
#5 G:\Localhost\resutoran-admin\public\index.php(37): CodeIgniter\CodeIgniter->run()
#6 G:\Localhost\resutoran-admin\vendor\codeigniter4\framework\system\Commands\Server\rewrite.php(45): require_once('G:\\Localhost\\re...')
#7 {main}
